<?xml version="1.0" encoding="UTF-8" ?>
<testsuite errors="0" failures="1" hostname="ralph" name="uk.org.mygrid.cagrid.servicewrapper.service.ncbiblast.integration.TestBlst01Program" tests="7" time="164.56" timestamp="2009-08-10T14:01:39">
  <properties>
[...]
</properties>
  <testcase classname="uk.org.mygrid.cagrid.servicewrapper.service.ncbiblast.integration.TestBlst01Program" name="failsEmptyProgram" time="17.232" />
  <testcase classname="uk.org.mygrid.cagrid.servicewrapper.service.ncbiblast.integration.TestBlst01Program" name="failsInvalidProgram" time="0.821" />
  <testcase classname="uk.org.mygrid.cagrid.servicewrapper.service.ncbiblast.integration.TestBlst01Program" name="failsWrongProgramBlastN" time="4.066" />
  <testcase classname="uk.org.mygrid.cagrid.servicewrapper.service.ncbiblast.integration.TestBlst01Program" name="failsWrongProgramBlastP" time="36.893">
    <failure message="Expected exception: org.apache.axis.AxisFault" type="junit.framework.AssertionFailedError">junit.framework.AssertionFailedError: Expected exception: org.apache.axis.AxisFault
</failure>
  </testcase>
  <testcase classname="uk.org.mygrid.cagrid.servicewrapper.service.ncbiblast.integration.TestBlst01Program" name="blastP" time="38.91" />
  <testcase classname="uk.org.mygrid.cagrid.servicewrapper.service.ncbiblast.integration.TestBlst01Program" name="blastX" time="35.56" />
  <testcase classname="uk.org.mygrid.cagrid.servicewrapper.service.ncbiblast.integration.TestBlst01Program" name="blastN" time="30.919" />
  <system-out><![CDATA[]]></system-out>
  <system-err><![CDATA[]]></system-err>
</testsuite>
